<?xml version="1.0" encoding="UTF-8"?>
<testsuite xmlns:xsi="http://www.w3.org/2001/XMLSchema-instance" xsi:noNamespaceSchemaLocation="https://maven.apache.org/surefire/maven-surefire-plugin/xsd/surefire-test-report-3.0.xsd" version="3.0" name="com.kafkapractise.KafkaPractiseApplicationTests" time="0.995" tests="1" errors="0" skipped="0" failures="0">
  <properties>
[...]
</properties>
  <testcase name="contextLoads" classname="com.kafkapractise.KafkaPractiseApplicationTests" time="0.367">
    <system-out><![CDATA[05:37:13.780 [main] INFO org.springframework.test.context.support.AnnotationConfigContextLoaderUtils -- Could not detect default configuration classes for test class [com.kafkapractise.KafkaPractiseApplicationTests]: KafkaPractiseApplicationTests does not declare any static, non-private, non-final, nested classes annotated with @Configuration.
05:37:13.814 [main] INFO org.springframework.boot.test.context.SpringBootTestContextBootstrapper -- Found @SpringBootConfiguration com.kafkapractise.KafkaPractiseApplication for test class com.kafkapractise.KafkaPractiseApplicationTests

  .   ____          _            __ _ _
 /\\ / ___'_ __ _ _(_)_ __  __ _ \ \ \ \
( ( )\___ | '_ | '_| | '_ \/ _` | \ \ \ \
 \\/  ___)| |_)| | | | | || (_| |  ) ) ) )
  '  |____| .__|_| |_|_| |_\__, | / / / /
 =========|_|==============|___/=/_/_/_/
 :: Spring Boot ::                (v3.2.2)

2024-02-17T05:37:13.938+05:30  INFO 3122 --- [           main] c.k.KafkaPractiseApplicationTests        : Starting KafkaPractiseApplicationTests using Java 17.0.8 with PID 3122 (started by yerragorlaganeshyadav in /Users/yerragorlaganeshyadav/Desktop/Java/Workspace/Kafka)
2024-02-17T05:37:13.939+05:30  INFO 3122 --- [           main] c.k.KafkaPractiseApplicationTests        : No active profile set, falling back to 1 default profile: "default"
2024-02-17T05:37:14.368+05:30  INFO 3122 --- [           main] c.k.KafkaPractiseApplicationTests        : Started KafkaPractiseApplicationTests in 0.509 seconds (process running for 0.844)
]]></system-out>
  </testcase>
</testsuite>